<?xml version="1.0" encoding="utf-8"?><testsuites name="pytest tests"><testsuite name="pytest" errors="0" failures="1" skipped="0" tests="19" time="133.912" timestamp="2026-08-20T21:38:30.063210+00:00" hostname="agent-env-b40e82b5-56f6-4264-b885-701dfae40fbf"><testcase classname="tests.backend_test.TestSimulate" name="test_simulate_python_flask" time="48.398" /><testcase classname="tests.backend_test.TestWebhook" name="test_ping_ok" time="0.128" /><testcase classname="tests.backend_test.TestWebhook" name="test_missing_signature_forbidden" time="0.047" /><testcase classname="tests.backend_test.TestWebhook" name="test_tampered_body_forbidden" time="0.080" /><testcase classname="tests.backend_test.TestWebhook" name="test_pull_request_closed_ignored" time="0.045" /><testcase classname="tests.backend_test.TestWebhook" name="test_pull_request_opened_idempotent" time="0.102"><failure message="AssertionError: Internal Server Error&#10;assert 500 == 200&#10; +  where 500 = &lt;Response [500]&gt;.status_code">backend/tests/backend_test.py:265: in test_pull_request_opened_idempotent
    assert r1.status_code == 200, r1.text
E   AssertionError: Internal Server Error
E   assert 500 == 200
E    +  where 500 = &lt;Response [500]&gt;.status_code</failure></testcase><testcase classname="tests.backend_test.TestSystem" name="test_health" time="2.041" /><testcase classname="tests.backend_test.TestSystem" name="test_samples" time="0.011" /><testcase classname="tests.backend_test.TestSystem" name="test_supabase_bootstrap_sql" time="0.010" /><testcase classname="tests.backend_test.TestReviewsCrud" name="test_list_and_status_filter" time="0.020" /><testcase classname="tests.backend_test.TestReviewsCrud" name="test_get_missing_returns_404" time="0.051" /><testcase classname="tests.backend_test.TestReviewsCrud" name="test_delete_missing_returns_404" time="0.050" /><testcase classname="tests.backend_test.TestPolicies" name="test_list_builtin" time="0.012" /><testcase classname="tests.backend_test.TestPolicies" name="test_create_and_delete" time="0.338" /><testcase classname="tests.backend_test.TestPolicies" name="test_search_sqli" time="0.477" /><testcase classname="tests.backend_test.TestAnalytics" name="test_overview" time="0.050" /><testcase classname="tests.backend_test.TestSimulate" name="test_simulate_node_express" time="51.292" /><testcase classname="tests.backend_test.TestSimulate" name="test_simulate_rejects_markdown" time="0.051" /><testcase classname="tests.backend_test.TestSimulate" name="test_publish_rejects_simulation" time="33.505" /></testsuite></testsuites>